# JRE version: OpenJDK Runtime Environment (8.0_242-b01) (build 1.8.0_242-release-1644-b01)
# Java VM: OpenJDK 64-Bit Server VM (25.242-b01 mixed mode windows-amd64 compressed oops)
Heap:
 PSYoungGen      total 138240K, used 81955K [0x00000000d5f80000, 0x00000000e1000000, 0x0000000100000000)
  eden space 133120K, 61% used [0x00000000d5f80000,0x00000000daf88dc8,0x00000000de180000)
  from space 5120K, 0% used [0x00000000de180000,0x00000000de180000,0x00000000de680000)
  to   space 15360K, 0% used [0x00000000e0100000,0x00000000e0100000,0x00000000e1000000)
 ParOldGen       total 65024K, used 18143K [0x0000000081e00000, 0x0000000085d80000, 0x00000000d5f80000)
  object space 65024K, 27% used [0x0000000081e00000,0x0000000082fb7cc8,0x0000000085d80000)
 Metaspace       used 40811K, capacity 41348K, committed 41904K, reserved 1085440K
  class space    used 5037K, capacity 5187K, committed 5296K, reserved 1048576K
GC Heap History (10 events):
Event: 1.208 GC heap before
{Heap before GC invocations=3 (full 0):
 PSYoungGen      total 71680K, used 25360K [0x00000000d5f80000, 0x00000000daa80000, 0x0000000100000000)
  eden space 66560K, 30% used [0x00000000d5f80000,0x00000000d7348238,0x00000000da080000)
  from space 5120K, 99% used [0x00000000da580000,0x00000000daa7c010,0x00000000daa80000)
  to   space 5120K, 0% used [0x00000000da080000,0x00000000da080000,0x00000000da580000)
 ParOldGen       total 87552K, used 7410K [0x0000000081e00000, 0x0000000087380000, 0x00000000d5f80000)
  object space 87552K, 8% used [0x0000000081e00000,0x000000008253ca20,0x0000000087380000)
 Metaspace       used 20820K, capacity 21232K, committed 21296K, reserved 1069056K
  class space    used 2419K, capacity 2590K, committed 2608K, reserved 1048576K
Event: 1.216 GC heap after
Heap after GC invocations=3 (full 0):
 PSYoungGen      total 71680K, used 5108K [0x00000000d5f80000, 0x00000000deb80000, 0x0000000100000000)
  eden space 66560K, 0% used [0x00000000d5f80000,0x00000000d5f80000,0x00000000da080000)
  from space 5120K, 99% used [0x00000000da080000,0x00000000da57d030,0x00000000da580000)
  to   space 5120K, 0% used [0x00000000de680000,0x00000000de680000,0x00000000deb80000)
 ParOldGen       total 87552K, used 11568K [0x0000000081e00000, 0x0000000087380000, 0x00000000d5f80000)
  object space 87552K, 13% used [0x0000000081e00000,0x000000008294c248,0x0000000087380000)
 Metaspace       used 20820K, capacity 21232K, committed 21296K, reserved 1069056K
  class space    used 2419K, capacity 2590K, committed 2608K, reserved 1048576K
}
Event: 1.216 GC heap before
{Heap before GC invocations=4 (full 1):
 PSYoungGen      total 71680K, used 5108K [0x00000000d5f80000, 0x00000000deb80000, 0x0000000100000000)
  eden space 66560K, 0% used [0x00000000d5f80000,0x00000000d5f80000,0x00000000da080000)
  from space 5120K, 99% used [0x00000000da080000,0x00000000da57d030,0x00000000da580000)
  to   space 5120K, 0% used [0x00000000de680000,0x00000000de680000,0x00000000deb80000)
 ParOldGen       total 87552K, used 11568K [0x0000000081e00000, 0x0000000087380000, 0x00000000d5f80000)
  object space 87552K, 13% used [0x0000000081e00000,0x000000008294c248,0x0000000087380000)
 Metaspace       used 20820K, capacity 21232K, committed 21296K, reserved 1069056K
  class space    used 2419K, capacity 2590K, committed 2608K, reserved 1048576K
Event: 1.243 GC heap after
Heap after GC invocations=4 (full 1):
 PSYoungGen      total 71680K, used 0K [0x00000000d5f80000, 0x00000000deb80000, 0x0000000100000000)
  eden space 66560K, 0% used [0x00000000d5f80000,0x00000000d5f80000,0x00000000da080000)
  from space 5120K, 0% used [0x00000000da080000,0x00000000da080000,0x00000000da580000)
  to   space 5120K, 0% used [0x00000000de680000,0x00000000de680000,0x00000000deb80000)
 ParOldGen       total 65024K, used 9093K [0x0000000081e00000, 0x0000000085d80000, 0x00000000d5f80000)
  object space 65024K, 13% used [0x0000000081e00000,0x00000000826e1628,0x0000000085d80000)
 Metaspace       used 20820K, capacity 21232K, committed 21296K, reserved 1069056K
  class space    used 2419K, capacity 2590K, committed 2608K, reserved 1048576K
}
Event: 1.928 GC heap before
{Heap before GC invocations=5 (full 1):
 PSYoungGen      total 71680K, used 66560K [0x00000000d5f80000, 0x00000000deb80000, 0x0000000100000000)
  eden space 66560K, 100% used [0x00000000d5f80000,0x00000000da080000,0x00000000da080000)
  from space 5120K, 0% used [0x00000000da080000,0x00000000da080000,0x00000000da580000)
  to   space 5120K, 0% used [0x00000000de680000,0x00000000de680000,0x00000000deb80000)
 ParOldGen       total 65024K, used 9093K [0x0000000081e00000, 0x0000000085d80000, 0x00000000d5f80000)
  object space 65024K, 13% used [0x0000000081e00000,0x00000000826e1628,0x0000000085d80000)
 Metaspace       used 30168K, capacity 30654K, committed 31024K, reserved 1077248K
  class space    used 3632K, capacity 3797K, committed 3888K, reserved 1048576K
Event: 1.940 GC heap after
Heap after GC invocations=5 (full 1):
 PSYoungGen      total 104448K, used 5091K [0x00000000d5f80000, 0x00000000deb80000, 0x0000000100000000)
  eden space 99328K, 0% used [0x00000000d5f80000,0x00000000d5f80000,0x00000000dc080000)
  from space 5120K, 99% used [0x00000000de680000,0x00000000deb78c20,0x00000000deb80000)
  to   space 5120K, 0% used [0x00000000de180000,0x00000000de180000,0x00000000de680000)
 ParOldGen       total 65024K, used 20521K [0x0000000081e00000, 0x0000000085d80000, 0x00000000d5f80000)
  object space 65024K, 31% used [0x0000000081e00000,0x000000008320a710,0x0000000085d80000)
 Metaspace       used 30168K, capacity 30654K, committed 31024K, reserved 1077248K
  class space    used 3632K, capacity 3797K, committed 3888K, reserved 1048576K
}
Event: 2.214 GC heap before
{Heap before GC invocations=6 (full 1):
 PSYoungGen      total 104448K, used 29000K [0x00000000d5f80000, 0x00000000deb80000, 0x0000000100000000)
  eden space 99328K, 24% used [0x00000000d5f80000,0x00000000d76d96d8,0x00000000dc080000)
  from space 5120K, 99% used [0x00000000de680000,0x00000000deb78c20,0x00000000deb80000)
  to   space 5120K, 0% used [0x00000000de180000,0x00000000de180000,0x00000000de680000)
 ParOldGen       total 65024K, used 20521K [0x0000000081e00000, 0x0000000085d80000, 0x00000000d5f80000)
  object space 65024K, 31% used [0x0000000081e00000,0x000000008320a710,0x0000000085d80000)
 Metaspace       used 34711K, capacity 35188K, committed 35496K, reserved 1081344K
  class space    used 4429K, capacity 4576K, committed 4656K, reserved 1048576K
Event: 2.222 GC heap after
Heap after GC invocations=6 (full 1):
 PSYoungGen      total 138240K, used 5093K [0x00000000d5f80000, 0x00000000e1000000, 0x0000000100000000)
  eden space 133120K, 0% used [0x00000000d5f80000,0x00000000d5f80000,0x00000000de180000)
  from space 5120K, 99% used [0x00000000de180000,0x00000000de6796f8,0x00000000de680000)
  to   space 15360K, 0% used [0x00000000e0100000,0x00000000e0100000,0x00000000e1000000)
 ParOldGen       total 65024K, used 26279K [0x0000000081e00000, 0x0000000085d80000, 0x00000000d5f80000)
  object space 65024K, 40% used [0x0000000081e00000,0x00000000837a9eb0,0x0000000085d80000)
 Metaspace       used 34711K, capacity 35188K, committed 35496K, reserved 1081344K
  class space    used 4429K, capacity 4576K, committed 4656K, reserved 1048576K
}
Event: 2.222 GC heap before
{Heap before GC invocations=7 (full 2):
 PSYoungGen      total 138240K, used 5093K [0x00000000d5f80000, 0x00000000e1000000, 0x0000000100000000)
  eden space 133120K, 0% used [0x00000000d5f80000,0x00000000d5f80000,0x00000000de180000)
  from space 5120K, 99% used [0x00000000de180000,0x00000000de6796f8,0x00000000de680000)
  to   space 15360K, 0% used [0x00000000e0100000,0x00000000e0100000,0x00000000e1000000)
 ParOldGen       total 65024K, used 26279K [0x0000000081e00000, 0x0000000085d80000, 0x00000000d5f80000)
  object space 65024K, 40% used [0x0000000081e00000,0x00000000837a9eb0,0x0000000085d80000)
 Metaspace       used 34711K, capacity 35188K, committed 35496K, reserved 1081344K
  class space    used 4429K, capacity 4576K, committed 4656K, reserved 1048576K
Event: 2.267 GC heap after
Heap after GC invocations=7 (full 2):
 PSYoungGen      total 138240K, used 0K [0x00000000d5f80000, 0x00000000e1000000, 0x0000000100000000)
  eden space 133120K, 0% used [0x00000000d5f80000,0x00000000d5f80000,0x00000000de180000)
  from space 5120K, 0% used [0x00000000de180000,0x00000000de180000,0x00000000de680000)
  to   space 15360K, 0% used [0x00000000e0100000,0x00000000e0100000,0x00000000e1000000)
 ParOldGen       total 65024K, used 18143K [0x0000000081e00000, 0x0000000085d80000, 0x00000000d5f80000)
  object space 65024K, 27% used [0x0000000081e00000,0x0000000082fb7cc8,0x0000000085d80000)
 Metaspace       used 34711K, capacity 35188K, committed 35496K, reserved 1081344K
  class space    used 4429K, capacity 4576K, committed 4656K, reserved 1048576K
}

